<testsuite failures="0" name="src/test/java/featurefiles/karate15_Java.feature" skipped="0" tests="1" time="0.018465">
  <testcase classname="src.test.java.featurefiles.karate15_Java" name="Static method TC" time="0.018465">
    <system-out>* def env2 = .............................................................. passed
* print env2() ............................................................ passed
* def res = call env2 ..................................................... passed
* print res ............................................................... passed</system-out>
  </testcase>
</testsuite>
