<testsuite failures="0" name="src/test/java/featurefiles/karate13_RestDataDriven.feature" skipped="0" tests="2" time="1.246739">
  <testcase classname="src.test.java.featurefiles.karate13_RestDataDriven" name="Karate DDT TestCase 2" time="0.916402">
    <system-out>Given url "https://www.w3schools.com/xml/tempconvert.asmx/CelsiusToFahrenheit" . passed
And header Content-Type = "application/x-www-form-urlencoded" ............. passed
And request "Celsius=37" .................................................. passed
When method POST .......................................................... passed
Then status 200 ........................................................... passed
* print responseHeaders ................................................... passed
* print responseType ...................................................... passed
* match responseType == "xml" ............................................. passed
* print responseTime ...................................................... passed
* assert responseTime &lt;= 1000 ............................................. passed
* print response .......................................................... passed
* match response contains "98.6" .......................................... passed
* match response //string == 98.6 ......................................... passed</system-out>
  </testcase>
  <testcase classname="src.test.java.featurefiles.karate13_RestDataDriven" name="Karate DDT TestCase 2" time="0.330337">
    <system-out>Given url "https://www.w3schools.com/xml/tempconvert.asmx/CelsiusToFahrenheit" . passed
And header Content-Type = "application/x-www-form-urlencoded" ............. passed
And request "Celsius=37" .................................................. passed
When method POST .......................................................... passed
Then status 200 ........................................................... passed
* print responseHeaders ................................................... passed
* print responseType ...................................................... passed
* match responseType == "xml" ............................................. passed
* print responseTime ...................................................... passed
* assert responseTime &lt;= 1000 ............................................. passed
* print response .......................................................... passed
* match response contains "98.6" .......................................... passed
* match response //string == 98.6 ......................................... passed
Given url "https://www.w3schools.com/xml/tempconvert.asmx/CelsiusToFahrenheit" . passed
And header Content-Type = "application/x-www-form-urlencoded" ............. passed
And request "Celsius=40" .................................................. passed
When method POST .......................................................... passed
Then status 200 ........................................................... passed
* print responseHeaders ................................................... passed
* print responseType ...................................................... passed
* match responseType == "xml" ............................................. passed
* print responseTime ...................................................... passed
* assert responseTime &lt;= 1000 ............................................. passed
* print response .......................................................... passed
* match response contains "104" ........................................... passed
* match response //string == 104 .......................................... passed</system-out>
  </testcase>
</testsuite>
