<testsuite failures="0" name="src/test/java/featurefiles/callingFeature.feature" skipped="0" tests="1" time="1.21571">
  <testcase classname="src.test.java.featurefiles.callingFeature" name="Karate Calling Feature TestCase 1" time="1.21571">
    <system-out>* def result = call read("calledFeature.feature") ......................... passed
* print result ............................................................ passed
* assert result.response.string._ == "104" ................................ passed</system-out>
  </testcase>
</testsuite>
