<testsuite failures="0" name="featurefiles/karate15_Java.feature" skipped="0" tests="2" time="0.015386">
  <testcase classname="featurefiles.karate15_Java" name="Non static method TC" time="0.010193">
    <system-out>* def env1 = .............................................................. passed
* print env1() ............................................................ passed
* def res = call env1 ..................................................... passed
* print res ............................................................... passed</system-out>
  </testcase>
  <testcase classname="featurefiles.karate15_Java" name="Static method TC" time="0.005193">
    <system-out>* def env1 = .............................................................. passed
* print env1() ............................................................ passed
* def res = call env1 ..................................................... passed
* print res ............................................................... passed
* def env2 = .............................................................. passed
* print env2() ............................................................ passed
* def res = call env2 ..................................................... passed
* print res ............................................................... passed</system-out>
  </testcase>
</testsuite>
