<testsuite failures="0" name="featurefiles/karate06_RestApi.feature" skipped="0" tests="1" time="0.307997">
  <testcase classname="featurefiles.karate06_RestApi" name="Karate Rest API TestCase 1" time="0.307997">
    <system-out>Given url "https://www.w3schools.com/xml/tempconvert.asmx/CelsiusToFahrenheit" . passed
And header Content-Type = "application/x-www-form-urlencoded" ............. passed
And request "Celsius=40" .................................................. passed
When method POST .......................................................... passed
Then status 200 ........................................................... passed
* print responseHeaders ................................................... passed
* print responseType ...................................................... passed
* match responseType == "xml" ............................................. passed
* print responseTime ...................................................... passed
* assert responseTime &lt;= 1000 ............................................. passed
* print response .......................................................... passed
* match response contains "104" ........................................... passed
* match response //string == 104 .......................................... passed</system-out>
  </testcase>
</testsuite>
