<testsuite failures="0" name="featurefiles/karate09.feature" skipped="0" tests="1" time="0.011271">
  <testcase classname="featurefiles.karate09" name="Karate Regular Expression Validation TestCase 1" time="0.011271">
    <system-out>* def a = "10" ............................................................ passed
* def b = "Karate" ........................................................ passed
* def c = "Karate Framework training 01" .................................. passed
* match a == "#regex [0-9]+" .............................................. passed
* match a == "#regex \\d+" ................................................ passed
* match b == "#regex \\w+" ................................................ passed
* match b == "#regex [A-Z][a-z]+" ......................................... passed
* match c == "#regex (\\w+\\s?)+" ......................................... passed</system-out>
  </testcase>
</testsuite>
