<testsuite failures="0" name="featurefiles/karate03.feature" skipped="0" tests="6" time="0.125156">
  <testcase classname="featurefiles.karate03" name="Karate XML TestCase 1" time="0.026675">
    <system-out>Given def xml = &lt;info&gt;&lt;id&gt;101&lt;/id&gt;&lt;tool&gt;&lt;name&gt;Karate&lt;/name&gt;&lt;version&gt;0.9.6&lt;/version&gt;&lt;/tool&gt;&lt;/info&gt; . passed
* print xml ............................................................... passed
* print xml/info/id ....................................................... passed
* print xml.info.id ....................................................... passed
* print xml.info.tool.name ................................................ passed</system-out>
  </testcase>
  <testcase classname="featurefiles.karate03" name="Karate XML TestCase 2" time="0.003246">
    <system-out>Given def xml = &lt;info&gt;&lt;id&gt;101&lt;/id&gt;&lt;tool&gt;&lt;name&gt;Karate&lt;/name&gt;&lt;version&gt;0.9.6&lt;/version&gt;&lt;/tool&gt;&lt;/info&gt; . passed
* print xml ............................................................... passed
* print xml/info/id ....................................................... passed
* print xml.info.id ....................................................... passed
* print xml.info.tool.name ................................................ passed
Given def xml = ........................................................... passed
* print xml ............................................................... passed
* print xml/info/id ....................................................... passed
* print xml.info.id ....................................................... passed
* print xml.info.tool.name ................................................ passed</system-out>
  </testcase>
  <testcase classname="featurefiles.karate03" name="Karate XML TestCase 3" time="0.052588">
    <system-out>Given def xml = &lt;info&gt;&lt;id&gt;101&lt;/id&gt;&lt;tool&gt;&lt;name&gt;Karate&lt;/name&gt;&lt;version&gt;0.9.6&lt;/version&gt;&lt;/tool&gt;&lt;/info&gt; . passed
* print xml ............................................................... passed
* print xml/info/id ....................................................... passed
* print xml.info.id ....................................................... passed
* print xml.info.tool.name ................................................ passed
Given def xml = ........................................................... passed
* print xml ............................................................... passed
* print xml/info/id ....................................................... passed
* print xml.info.id ....................................................... passed
* print xml.info.tool.name ................................................ passed
Given def xml = &lt;info&gt;&lt;id&gt;101&lt;/id&gt;&lt;tool&gt;&lt;name&gt;Karate&lt;/name&gt;&lt;version&gt;0.9.6&lt;/version&gt;&lt;/tool&gt;&lt;/info&gt; . passed
* match xml/info/id == 101 ................................................ passed
* match xml.info.tool.name == "Karate" .................................... passed</system-out>
  </testcase>
  <testcase classname="featurefiles.karate03" name="Karate XML TestCase 4" time="0.029349">
    <system-out>Given def xml = &lt;info&gt;&lt;id&gt;101&lt;/id&gt;&lt;tool&gt;&lt;name&gt;Karate&lt;/name&gt;&lt;version&gt;0.9.6&lt;/version&gt;&lt;/tool&gt;&lt;/info&gt; . passed
* print xml ............................................................... passed
* print xml/info/id ....................................................... passed
* print xml.info.id ....................................................... passed
* print xml.info.tool.name ................................................ passed
Given def xml = ........................................................... passed
* print xml ............................................................... passed
* print xml/info/id ....................................................... passed
* print xml.info.id ....................................................... passed
* print xml.info.tool.name ................................................ passed
Given def xml = &lt;info&gt;&lt;id&gt;101&lt;/id&gt;&lt;tool&gt;&lt;name&gt;Karate&lt;/name&gt;&lt;version&gt;0.9.6&lt;/version&gt;&lt;/tool&gt;&lt;/info&gt; . passed
* match xml/info/id == 101 ................................................ passed
* match xml.info.tool.name == "Karate" .................................... passed
Given def xml = &lt;info&gt;&lt;id&gt;101&lt;/id&gt;&lt;tool&gt;&lt;name&gt;Karate&lt;/name&gt;&lt;version&gt;0.9.6&lt;/version&gt;&lt;/tool&gt;&lt;/info&gt; . passed
* match xml contains "Karate" ............................................. passed</system-out>
  </testcase>
  <testcase classname="featurefiles.karate03" name="Karate XML TestCase 5" time="0.002939">
    <system-out>Given def xml = &lt;info&gt;&lt;id&gt;101&lt;/id&gt;&lt;tool&gt;&lt;name&gt;Karate&lt;/name&gt;&lt;version&gt;0.9.6&lt;/version&gt;&lt;/tool&gt;&lt;/info&gt; . passed
* print xml ............................................................... passed
* print xml/info/id ....................................................... passed
* print xml.info.id ....................................................... passed
* print xml.info.tool.name ................................................ passed
Given def xml = ........................................................... passed
* print xml ............................................................... passed
* print xml/info/id ....................................................... passed
* print xml.info.id ....................................................... passed
* print xml.info.tool.name ................................................ passed
Given def xml = &lt;info&gt;&lt;id&gt;101&lt;/id&gt;&lt;tool&gt;&lt;name&gt;Karate&lt;/name&gt;&lt;version&gt;0.9.6&lt;/version&gt;&lt;/tool&gt;&lt;/info&gt; . passed
* match xml/info/id == 101 ................................................ passed
* match xml.info.tool.name == "Karate" .................................... passed
Given def xml = &lt;info&gt;&lt;id&gt;101&lt;/id&gt;&lt;tool&gt;&lt;name&gt;Karate&lt;/name&gt;&lt;version&gt;0.9.6&lt;/version&gt;&lt;/tool&gt;&lt;/info&gt; . passed
* match xml contains "Karate" ............................................. passed
Given def xml = &lt;info&gt;&lt;id&gt;101&lt;/id&gt;&lt;tool&gt;&lt;name&gt;Karate&lt;/name&gt;&lt;version&gt;0.9.6&lt;/version&gt;&lt;/tool&gt;&lt;/info&gt; . passed
* match xml contains "&lt;name&gt;Karate&lt;/name&gt;" ................................ passed</system-out>
  </testcase>
  <testcase classname="featurefiles.karate03" name="Karate XML TestCase 6" time="0.01036">
    <system-out>Given def xml = &lt;info&gt;&lt;id&gt;101&lt;/id&gt;&lt;tool&gt;&lt;name&gt;Karate&lt;/name&gt;&lt;version&gt;0.9.6&lt;/version&gt;&lt;/tool&gt;&lt;/info&gt; . passed
* print xml ............................................................... passed
* print xml/info/id ....................................................... passed
* print xml.info.id ....................................................... passed
* print xml.info.tool.name ................................................ passed
Given def xml = ........................................................... passed
* print xml ............................................................... passed
* print xml/info/id ....................................................... passed
* print xml.info.id ....................................................... passed
* print xml.info.tool.name ................................................ passed
Given def xml = &lt;info&gt;&lt;id&gt;101&lt;/id&gt;&lt;tool&gt;&lt;name&gt;Karate&lt;/name&gt;&lt;version&gt;0.9.6&lt;/version&gt;&lt;/tool&gt;&lt;/info&gt; . passed
* match xml/info/id == 101 ................................................ passed
* match xml.info.tool.name == "Karate" .................................... passed
Given def xml = &lt;info&gt;&lt;id&gt;101&lt;/id&gt;&lt;tool&gt;&lt;name&gt;Karate&lt;/name&gt;&lt;version&gt;0.9.6&lt;/version&gt;&lt;/tool&gt;&lt;/info&gt; . passed
* match xml contains "Karate" ............................................. passed
Given def xml = &lt;info&gt;&lt;id&gt;101&lt;/id&gt;&lt;tool&gt;&lt;name&gt;Karate&lt;/name&gt;&lt;version&gt;0.9.6&lt;/version&gt;&lt;/tool&gt;&lt;/info&gt; . passed
* match xml contains "&lt;name&gt;Karate&lt;/name&gt;" ................................ passed
Given def xml = ........................................................... passed
* match xml/info/tool[1]/name contains "Karate" ........................... passed
* match xml/info/tool[2]/name contains "IntelliJ" ......................... passed</system-out>
  </testcase>
</testsuite>
