<testsuite failures="0" name="featurefiles/karate01.feature" skipped="0" tests="3" time="0.120588">
  <testcase classname="featurefiles.karate01" name="Karate TestCase 1" time="0.059686">
    <system-out>Given def a = 10 .......................................................... passed
And def b = 20 ............................................................ passed
When def c =  a + b ....................................................... passed
Then assert c == 30 ....................................................... passed
And print "c = ",c ........................................................ passed
And karate.log("End of the Test") ......................................... passed</system-out>
  </testcase>
  <testcase classname="featurefiles.karate01" name="Karate TestCase 2" time="0.058018">
    <system-out>Given def a = 10 .......................................................... passed
And def b = 20 ............................................................ passed
When def c =  a + b ....................................................... passed
Then assert c == 30 ....................................................... passed
And print "c = ",c ........................................................ passed
And karate.log("End of the Test") ......................................... passed
Given def a = 10 .......................................................... passed
* def b = 20 .............................................................. passed
When def c =  a + b ....................................................... passed
Then assert c == 30 ....................................................... passed
* print "c = ",c .......................................................... passed
* karate.log("End of the Test") ........................................... passed</system-out>
  </testcase>
  <testcase classname="featurefiles.karate01" name="Karate TestCase 3" time="0.002884">
    <system-out>Given def a = 10 .......................................................... passed
And def b = 20 ............................................................ passed
When def c =  a + b ....................................................... passed
Then assert c == 30 ....................................................... passed
And print "c = ",c ........................................................ passed
And karate.log("End of the Test") ......................................... passed
Given def a = 10 .......................................................... passed
* def b = 20 .............................................................. passed
When def c =  a + b ....................................................... passed
Then assert c == 30 ....................................................... passed
* print "c = ",c .......................................................... passed
* karate.log("End of the Test") ........................................... passed
* def a = 10 .............................................................. passed
* def b = 20 .............................................................. passed
* def c =  a + b .......................................................... passed
* assert c == 30 .......................................................... passed
* print "c = ",c .......................................................... passed
* karate.log("End of the Test") ........................................... passed</system-out>
  </testcase>
</testsuite>
