<testsuite failures="0" name="featurefiles/DBTesting.feature" skipped="0" tests="4" time="1.636841">
  <testcase classname="featurefiles.DBTesting" name="select stmt test case" time="0.564194">
    <system-out>* def db = Java.type('misc.MyDbUtil') ..................................... passed
* def rows = db.selectStatement("select * from tools") .................... passed
* print rows .............................................................. passed
* match rows contains "Selenium" .......................................... passed</system-out>
  </testcase>
  <testcase classname="featurefiles.DBTesting" name="insert stmt test case" time="0.535204">
    <system-out>* def db = Java.type('misc.MyDbUtil') ..................................... passed
* def rows = db.selectStatement("select * from tools") .................... passed
* print rows .............................................................. passed
* match rows contains "Selenium" .......................................... passed
* def db = Java.type('misc.MyDbUtil') ..................................... passed
* def res = db.insertStatement("Insert into tools values(200,'sample2','xyz')") . passed
* print res ............................................................... passed
* match res == 'Success' .................................................. passed</system-out>
  </testcase>
  <testcase classname="featurefiles.DBTesting" name="update stmt test case" time="0.506147">
    <system-out>* def db = Java.type('misc.MyDbUtil') ..................................... passed
* def rows = db.selectStatement("select * from tools") .................... passed
* print rows .............................................................. passed
* match rows contains "Selenium" .......................................... passed
* def db = Java.type('misc.MyDbUtil') ..................................... passed
* def res = db.insertStatement("Insert into tools values(200,'sample2','xyz')") . passed
* print res ............................................................... passed
* match res == 'Success' .................................................. passed
* def db = Java.type('misc.MyDbUtil') ..................................... passed
* def rowsAffected = db.updateStatement("update tools set name='sample3' where id=200") . passed
* print rowsAffected ...................................................... passed
* assert rowsAffected &gt;= 1 ................................................ passed</system-out>
  </testcase>
  <testcase classname="featurefiles.DBTesting" name="delete stmt test case" time="0.031297">
    <system-out>* def db = Java.type('misc.MyDbUtil') ..................................... passed
* def rows = db.selectStatement("select * from tools") .................... passed
* print rows .............................................................. passed
* match rows contains "Selenium" .......................................... passed
* def db = Java.type('misc.MyDbUtil') ..................................... passed
* def res = db.insertStatement("Insert into tools values(200,'sample2','xyz')") . passed
* print res ............................................................... passed
* match res == 'Success' .................................................. passed
* def db = Java.type('misc.MyDbUtil') ..................................... passed
* def rowsAffected = db.updateStatement("update tools set name='sample3' where id=200") . passed
* print rowsAffected ...................................................... passed
* assert rowsAffected &gt;= 1 ................................................ passed
* def db = Java.type('misc.MyDbUtil') ..................................... passed
* def rowsAffected = db.deleteStatement("delete from tools where id=200") . passed
* print rowsAffected ...................................................... passed
* assert rowsAffected &gt;= 1 ................................................ passed</system-out>
  </testcase>
</testsuite>
