<testsuite failures="0" name="featurefiles/karate13_RestDataDriven.feature" skipped="0" tests="4" time="1.317396">
  <testcase classname="featurefiles.karate13_RestDataDriven" name="Karate DDT TestCase 1" time="0.308934">
    <system-out>Given url "https://www.w3schools.com/xml/tempconvert.asmx/CelsiusToFahrenheit" . passed
And header Content-Type = "application/x-www-form-urlencoded" ............. passed
And request "Celsius=37" .................................................. passed
When method POST .......................................................... passed
Then status 200 ........................................................... passed
* print responseHeaders ................................................... passed
* print responseType ...................................................... passed
* match responseType == "xml" ............................................. passed
* print responseTime ...................................................... passed
* assert responseTime &lt;= 1000 ............................................. passed
* print response .......................................................... passed
* match response contains "98.6" .......................................... passed
* match response //string == 98.6 ......................................... passed</system-out>
  </testcase>
  <testcase classname="featurefiles.karate13_RestDataDriven" name="Karate DDT TestCase 1" time="0.333768">
    <system-out>Given url "https://www.w3schools.com/xml/tempconvert.asmx/CelsiusToFahrenheit" . passed
And header Content-Type = "application/x-www-form-urlencoded" ............. passed
And request "Celsius=37" .................................................. passed
When method POST .......................................................... passed
Then status 200 ........................................................... passed
* print responseHeaders ................................................... passed
* print responseType ...................................................... passed
* match responseType == "xml" ............................................. passed
* print responseTime ...................................................... passed
* assert responseTime &lt;= 1000 ............................................. passed
* print response .......................................................... passed
* match response contains "98.6" .......................................... passed
* match response //string == 98.6 ......................................... passed
Given url "https://www.w3schools.com/xml/tempconvert.asmx/CelsiusToFahrenheit" . passed
And header Content-Type = "application/x-www-form-urlencoded" ............. passed
And request "Celsius=40" .................................................. passed
When method POST .......................................................... passed
Then status 200 ........................................................... passed
* print responseHeaders ................................................... passed
* print responseType ...................................................... passed
* match responseType == "xml" ............................................. passed
* print responseTime ...................................................... passed
* assert responseTime &lt;= 1000 ............................................. passed
* print response .......................................................... passed
* match response contains "104" ........................................... passed
* match response //string == 104 .......................................... passed</system-out>
  </testcase>
  <testcase classname="featurefiles.karate13_RestDataDriven" name="Karate DDT TestCase 2" time="0.327431">
    <system-out>Given url "https://www.w3schools.com/xml/tempconvert.asmx/CelsiusToFahrenheit" . passed
And header Content-Type = "application/x-www-form-urlencoded" ............. passed
And request "Celsius=37" .................................................. passed
When method POST .......................................................... passed
Then status 200 ........................................................... passed
* print responseHeaders ................................................... passed
* print responseType ...................................................... passed
* match responseType == "xml" ............................................. passed
* print responseTime ...................................................... passed
* assert responseTime &lt;= 1000 ............................................. passed
* print response .......................................................... passed
* match response contains "98.6" .......................................... passed
* match response //string == 98.6 ......................................... passed
Given url "https://www.w3schools.com/xml/tempconvert.asmx/CelsiusToFahrenheit" . passed
And header Content-Type = "application/x-www-form-urlencoded" ............. passed
And request "Celsius=40" .................................................. passed
When method POST .......................................................... passed
Then status 200 ........................................................... passed
* print responseHeaders ................................................... passed
* print responseType ...................................................... passed
* match responseType == "xml" ............................................. passed
* print responseTime ...................................................... passed
* assert responseTime &lt;= 1000 ............................................. passed
* print response .......................................................... passed
* match response contains "104" ........................................... passed
* match response //string == 104 .......................................... passed
Given url "https://www.w3schools.com/xml/tempconvert.asmx/CelsiusToFahrenheit" . passed
And header Content-Type = "application/x-www-form-urlencoded" ............. passed
And request "Celsius=37" .................................................. passed
When method POST .......................................................... passed
Then status 200 ........................................................... passed
* print responseHeaders ................................................... passed
* print responseType ...................................................... passed
* match responseType == "xml" ............................................. passed
* print responseTime ...................................................... passed
* assert responseTime &lt;= 1000 ............................................. passed
* print response .......................................................... passed
* match response contains "98.6" .......................................... passed
* match response //string == 98.6 ......................................... passed</system-out>
  </testcase>
  <testcase classname="featurefiles.karate13_RestDataDriven" name="Karate DDT TestCase 2" time="0.347263">
    <system-out>Given url "https://www.w3schools.com/xml/tempconvert.asmx/CelsiusToFahrenheit" . passed
And header Content-Type = "application/x-www-form-urlencoded" ............. passed
And request "Celsius=37" .................................................. passed
When method POST .......................................................... passed
Then status 200 ........................................................... passed
* print responseHeaders ................................................... passed
* print responseType ...................................................... passed
* match responseType == "xml" ............................................. passed
* print responseTime ...................................................... passed
* assert responseTime &lt;= 1000 ............................................. passed
* print response .......................................................... passed
* match response contains "98.6" .......................................... passed
* match response //string == 98.6 ......................................... passed
Given url "https://www.w3schools.com/xml/tempconvert.asmx/CelsiusToFahrenheit" . passed
And header Content-Type = "application/x-www-form-urlencoded" ............. passed
And request "Celsius=40" .................................................. passed
When method POST .......................................................... passed
Then status 200 ........................................................... passed
* print responseHeaders ................................................... passed
* print responseType ...................................................... passed
* match responseType == "xml" ............................................. passed
* print responseTime ...................................................... passed
* assert responseTime &lt;= 1000 ............................................. passed
* print response .......................................................... passed
* match response contains "104" ........................................... passed
* match response //string == 104 .......................................... passed
Given url "https://www.w3schools.com/xml/tempconvert.asmx/CelsiusToFahrenheit" . passed
And header Content-Type = "application/x-www-form-urlencoded" ............. passed
And request "Celsius=37" .................................................. passed
When method POST .......................................................... passed
Then status 200 ........................................................... passed
* print responseHeaders ................................................... passed
* print responseType ...................................................... passed
* match responseType == "xml" ............................................. passed
* print responseTime ...................................................... passed
* assert responseTime &lt;= 1000 ............................................. passed
* print response .......................................................... passed
* match response contains "98.6" .......................................... passed
* match response //string == 98.6 ......................................... passed
Given url "https://www.w3schools.com/xml/tempconvert.asmx/CelsiusToFahrenheit" . passed
And header Content-Type = "application/x-www-form-urlencoded" ............. passed
And request "Celsius=40" .................................................. passed
When method POST .......................................................... passed
Then status 200 ........................................................... passed
* print responseHeaders ................................................... passed
* print responseType ...................................................... passed
* match responseType == "xml" ............................................. passed
* print responseTime ...................................................... passed
* assert responseTime &lt;= 1000 ............................................. passed
* print response .......................................................... passed
* match response contains "104" ........................................... passed
* match response //string == 104 .......................................... passed</system-out>
  </testcase>
</testsuite>
